<?xml version="1.0" encoding="UTF-8"?>
<testng-results ignored="0" total="1" passed="1" failed="0" skipped="0">
  <reporter-output>
  </reporter-output>
  <suite started-at="2022-08-18T17:14:29 IST" name="Default suite" finished-at="2022-08-18T17:14:32 IST" duration-ms="2695">
    <groups>
    </groups>
    <test started-at="2022-08-18T17:14:29 IST" name="Default test" finished-at="2022-08-18T17:14:32 IST" duration-ms="2695">
      <class name="PROJECECT.HIWELCOME">
        <test-method signature="hiwelcome()[pri:0, instance:PROJECECT.HIWELCOME@87a85e1]" started-at="2022-08-18T17:14:29 IST" name="hiwelcome" finished-at="2022-08-18T17:14:32 IST" duration-ms="2665" status="PASS">
          <reporter-output>
          </reporter-output>
        </test-method> <!-- hiwelcome -->
      </class> <!-- PROJECECT.HIWELCOME -->
    </test> <!-- Default test -->
  </suite> <!-- Default suite -->
</testng-results>
